<?xml version="1.0" encoding="UTF-8"?>
<testsuite xmlns:xsi="http://www.w3.org/2001/XMLSchema-instance" xsi:noNamespaceSchemaLocation="https://maven.apache.org/surefire/maven-surefire-plugin/xsd/surefire-test-report.xsd" name="appfactura.AppfacturaApplicationTests" time="4.859" tests="1" errors="0" skipped="0" failures="0">
  <properties>
    <property name="java.specification.version" value="17"/>
    <property name="sun.cpu.isalist" value="amd64"/>
    <property name="sun.jnu.encoding" value="Cp1252"/>
    <property name="java.class.path" value="C:\Users\gap\Documents\workspace\GitGus\fac3b-client-invoice-java\target\test-classes;C:\Users\gap\Documents\workspace\GitGus\fac3b-client-invoice-java\target\classes;C:\Users\gap\.m2\repository\org\springframework\boot\spring-boot-starter-web\2.7.16\spring-boot-starter-web-2.7.16.jar;C:\Users\gap\.m2\repository\org\springframework\boot\spring-boot-starter\2.7.16\spring-boot-starter-2.7.16.jar;C:\Users\gap\.m2\repository\org\springframework\boot\spring-boot\2.7.16\spring-boot-2.7.16.jar;C:\Users\gap\.m2\repository\org\springframework\boot\spring-boot-autoconfigure\2.7.16\spring-boot-autoconfigure-2.7.16.jar;C:\Users\gap\.m2\repository\org\springframework\boot\spring-boot-starter-logging\2.7.16\spring-boot-starter-logging-2.7.16.jar;C:\Users\gap\.m2\repository\ch\qos\logback\logback-classic\1.2.12\logback-classic-1.2.12.jar;C:\Users\gap\.m2\repository\ch\qos\logback\logback-core\1.2.12\logback-core-1.2.12.jar;C:\Users\gap\.m2\repository\org\apache\logging\log4j\log4j-to-slf4j\2.17.2\log4j-to-slf4j-2.17.2.jar;C:\Users\gap\.m2\repository\org\apache\logging\log4j\log4j-api\2.17.2\log4j-api-2.17.2.jar;C:\Users\gap\.m2\repository\org\slf4j\jul-to-slf4j\1.7.36\jul-to-slf4j-1.7.36.jar;C:\Users\gap\.m2\repository\org\yaml\snakeyaml\1.30\snakeyaml-1.30.jar;C:\Users\gap\.m2\repository\org\springframework\boot\spring-boot-starter-json\2.7.16\spring-boot-starter-json-2.7.16.jar;C:\Users\gap\.m2\repository\com\fasterxml\jackson\core\jackson-databind\2.13.5\jackson-databind-2.13.5.jar;C:\Users\gap\.m2\repository\com\fasterxml\jackson\datatype\jackson-datatype-jdk8\2.13.5\jackson-datatype-jdk8-2.13.5.jar;C:\Users\gap\.m2\repository\com\fasterxml\jackson\datatype\jackson-datatype-jsr310\2.13.5\jackson-datatype-jsr310-2.13.5.jar;C:\Users\gap\.m2\repository\com\fasterxml\jackson\module\jackson-module-parameter-names\2.13.5\jackson-module-parameter-names-2.13.5.jar;C:\Users\gap\.m2\repository\org\springframework\boot\spring-boot-starter-tomcat\2.7.16\spring-boot-starter-tomcat-2.7.16.jar;C:\Users\gap\.m2\repository\org\apache\tomcat\embed\tomcat-embed-core\9.0.80\tomcat-embed-core-9.0.80.jar;C:\Users\gap\.m2\repository\org\apache\tomcat\embed\tomcat-embed-el\9.0.80\tomcat-embed-el-9.0.80.jar;C:\Users\gap\.m2\repository\org\apache\tomcat\embed\tomcat-embed-websocket\9.0.80\tomcat-embed-websocket-9.0.80.jar;C:\Users\gap\.m2\repository\org\springframework\spring-web\5.3.30\spring-web-5.3.30.jar;C:\Users\gap\.m2\repository\org\springframework\spring-beans\5.3.30\spring-beans-5.3.30.jar;C:\Users\gap\.m2\repository\org\springframework\spring-webmvc\5.3.30\spring-webmvc-5.3.30.jar;C:\Users\gap\.m2\repository\org\springframework\spring-aop\5.3.30\spring-aop-5.3.30.jar;C:\Users\gap\.m2\repository\org\springframework\spring-context\5.3.30\spring-context-5.3.30.jar;C:\Users\gap\.m2\repository\org\springframework\spring-expression\5.3.30\spring-expression-5.3.30.jar;C:\Users\gap\.m2\repository\org\springframework\boot\spring-boot-starter-web-services\2.7.16\spring-boot-starter-web-services-2.7.16.jar;C:\Users\gap\.m2\repository\com\sun\xml\messaging\saaj\saaj-impl\1.5.3\saaj-impl-1.5.3.jar;C:\Users\gap\.m2\repository\org\jvnet\staxex\stax-ex\1.8.3\stax-ex-1.8.3.jar;C:\Users\gap\.m2\repository\com\sun\activation\jakarta.activation\1.2.2\jakarta.activation-1.2.2.jar;C:\Users\gap\.m2\repository\jakarta\xml\ws\jakarta.xml.ws-api\2.3.3\jakarta.xml.ws-api-2.3.3.jar;C:\Users\gap\.m2\repository\org\springframework\spring-oxm\5.3.30\spring-oxm-5.3.30.jar;C:\Users\gap\.m2\repository\org\springframework\ws\spring-ws-core\3.1.7\spring-ws-core-3.1.7.jar;C:\Users\gap\.m2\repository\org\springframework\ws\spring-xml\3.1.7\spring-xml-3.1.7.jar;C:\Users\gap\.m2\repository\org\springframework\boot\spring-boot-starter-test\2.7.16\spring-boot-starter-test-2.7.16.jar;C:\Users\gap\.m2\repository\org\springframework\boot\spring-boot-test\2.7.16\spring-boot-test-2.7.16.jar;C:\Users\gap\.m2\repository\org\springframework\boot\spring-boot-test-autoconfigure\2.7.16\spring-boot-test-autoconfigure-2.7.16.jar;C:\Users\gap\.m2\repository\com\jayway\jsonpath\json-path\2.7.0\json-path-2.7.0.jar;C:\Users\gap\.m2\repository\net\minidev\json-smart\2.4.11\json-smart-2.4.11.jar;C:\Users\gap\.m2\repository\net\minidev\accessors-smart\2.4.11\accessors-smart-2.4.11.jar;C:\Users\gap\.m2\repository\org\ow2\asm\asm\9.3\asm-9.3.jar;C:\Users\gap\.m2\repository\org\slf4j\slf4j-api\1.7.36\slf4j-api-1.7.36.jar;C:\Users\gap\.m2\repository\jakarta\xml\bind\jakarta.xml.bind-api\2.3.3\jakarta.xml.bind-api-2.3.3.jar;C:\Users\gap\.m2\repository\jakarta\activation\jakarta.activation-api\1.2.2\jakarta.activation-api-1.2.2.jar;C:\Users\gap\.m2\repository\org\assertj\assertj-core\3.22.0\assertj-core-3.22.0.jar;C:\Users\gap\.m2\repository\org\hamcrest\hamcrest\2.2\hamcrest-2.2.jar;C:\Users\gap\.m2\repository\org\junit\jupiter\junit-jupiter\5.8.2\junit-jupiter-5.8.2.jar;C:\Users\gap\.m2\repository\org\junit\jupiter\junit-jupiter-api\5.8.2\junit-jupiter-api-5.8.2.jar;C:\Users\gap\.m2\repository\org\opentest4j\opentest4j\1.2.0\opentest4j-1.2.0.jar;C:\Users\gap\.m2\repository\org\junit\platform\junit-platform-commons\1.8.2\junit-platform-commons-1.8.2.jar;C:\Users\gap\.m2\repository\org\apiguardian\apiguardian-api\1.1.2\apiguardian-api-1.1.2.jar;C:\Users\gap\.m2\repository\org\junit\jupiter\junit-jupiter-params\5.8.2\junit-jupiter-params-5.8.2.jar;C:\Users\gap\.m2\repository\org\junit\jupiter\junit-jupiter-engine\5.8.2\junit-jupiter-engine-5.8.2.jar;C:\Users\gap\.m2\repository\org\junit\platform\junit-platform-engine\1.8.2\junit-platform-engine-1.8.2.jar;C:\Users\gap\.m2\repository\org\mockito\mockito-core\4.5.1\mockito-core-4.5.1.jar;C:\Users\gap\.m2\repository\net\bytebuddy\byte-buddy\1.12.23\byte-buddy-1.12.23.jar;C:\Users\gap\.m2\repository\net\bytebuddy\byte-buddy-agent\1.12.23\byte-buddy-agent-1.12.23.jar;C:\Users\gap\.m2\repository\org\objenesis\objenesis\3.2\objenesis-3.2.jar;C:\Users\gap\.m2\repository\org\mockito\mockito-junit-jupiter\4.5.1\mockito-junit-jupiter-4.5.1.jar;C:\Users\gap\.m2\repository\org\skyscreamer\jsonassert\1.5.1\jsonassert-1.5.1.jar;C:\Users\gap\.m2\repository\com\vaadin\external\google\android-json\0.0.20131108.vaadin1\android-json-0.0.20131108.vaadin1.jar;C:\Users\gap\.m2\repository\org\springframework\spring-core\5.3.30\spring-core-5.3.30.jar;C:\Users\gap\.m2\repository\org\springframework\spring-jcl\5.3.30\spring-jcl-5.3.30.jar;C:\Users\gap\.m2\repository\org\springframework\spring-test\5.3.30\spring-test-5.3.30.jar;C:\Users\gap\.m2\repository\org\xmlunit\xmlunit-core\2.9.1\xmlunit-core-2.9.1.jar;C:\Users\gap\.m2\repository\org\apache\pdfbox\pdfbox\1.7.1\pdfbox-1.7.1.jar;C:\Users\gap\.m2\repository\org\apache\pdfbox\fontbox\1.7.1\fontbox-1.7.1.jar;C:\Users\gap\.m2\repository\org\apache\pdfbox\jempbox\1.7.1\jempbox-1.7.1.jar;C:\Users\gap\.m2\repository\commons-logging\commons-logging\1.1.1\commons-logging-1.1.1.jar;C:\Users\gap\.m2\repository\com\sun\mail\javax.mail\1.6.2\javax.mail-1.6.2.jar;C:\Users\gap\.m2\repository\javax\activation\activation\1.1\activation-1.1.jar;C:\Users\gap\.m2\repository\com\microsoft\azure\azure-keyvault-extensions\1.2.6\azure-keyvault-extensions-1.2.6.jar;C:\Users\gap\.m2\repository\com\microsoft\azure\azure-keyvault-webkey\1.2.6\azure-keyvault-webkey-1.2.6.jar;C:\Users\gap\.m2\repository\com\fasterxml\jackson\core\jackson-core\2.13.5\jackson-core-2.13.5.jar;C:\Users\gap\.m2\repository\com\fasterxml\jackson\core\jackson-annotations\2.13.5\jackson-annotations-2.13.5.jar;C:\Users\gap\.m2\repository\com\microsoft\azure\azure-keyvault-core\1.2.6\azure-keyvault-core-1.2.6.jar;C:\Users\gap\.m2\repository\com\microsoft\azure\azure-keyvault-cryptography\1.2.6\azure-keyvault-cryptography-1.2.6.jar;C:\Users\gap\.m2\repository\com\microsoft\azure\azure-keyvault\1.2.6\azure-keyvault-1.2.6.jar;C:\Users\gap\.m2\repository\com\microsoft\azure\azure-client-runtime\1.7.14\azure-client-runtime-1.7.14.jar;C:\Users\gap\.m2\repository\com\microsoft\azure\azure-mgmt-resources\1.3.0\azure-mgmt-resources-1.3.0.jar;C:\Users\gap\.m2\repository\org\slf4j\slf4j-simple\1.7.36\slf4j-simple-1.7.36.jar;C:\Users\gap\.m2\repository\io\reactivex\rxjava\1.3.8\rxjava-1.3.8.jar;C:\Users\gap\.m2\repository\com\microsoft\azure\azure-annotations\1.3.0\azure-annotations-1.3.0.jar;C:\Users\gap\.m2\repository\org\apache\httpcomponents\httpcore\4.4.16\httpcore-4.4.16.jar;C:\Users\gap\.m2\repository\com\microsoft\rest\client-runtime\1.7.4\client-runtime-1.7.4.jar;C:\Users\gap\.m2\repository\com\squareup\retrofit2\retrofit\2.7.2\retrofit-2.7.2.jar;C:\Users\gap\.m2\repository\com\squareup\okhttp3\okhttp\4.9.3\okhttp-4.9.3.jar;C:\Users\gap\.m2\repository\com\squareup\okio\okio\2.8.0\okio-2.8.0.jar;C:\Users\gap\.m2\repository\org\jetbrains\kotlin\kotlin-stdlib-common\1.6.21\kotlin-stdlib-common-1.6.21.jar;C:\Users\gap\.m2\repository\org\jetbrains\kotlin\kotlin-stdlib\1.6.21\kotlin-stdlib-1.6.21.jar;C:\Users\gap\.m2\repository\org\jetbrains\annotations\13.0\annotations-13.0.jar;C:\Users\gap\.m2\repository\com\squareup\okhttp3\logging-interceptor\4.9.3\logging-interceptor-4.9.3.jar;C:\Users\gap\.m2\repository\org\jetbrains\kotlin\kotlin-stdlib-jdk8\1.6.21\kotlin-stdlib-jdk8-1.6.21.jar;C:\Users\gap\.m2\repository\org\jetbrains\kotlin\kotlin-stdlib-jdk7\1.6.21\kotlin-stdlib-jdk7-1.6.21.jar;C:\Users\gap\.m2\repository\com\squareup\okhttp3\okhttp-urlconnection\4.9.3\okhttp-urlconnection-4.9.3.jar;C:\Users\gap\.m2\repository\com\squareup\retrofit2\converter-jackson\2.7.2\converter-jackson-2.7.2.jar;C:\Users\gap\.m2\repository\com\fasterxml\jackson\datatype\jackson-datatype-joda\2.13.5\jackson-datatype-joda-2.13.5.jar;C:\Users\gap\.m2\repository\joda-time\joda-time\2.10.8\joda-time-2.10.8.jar;C:\Users\gap\.m2\repository\com\squareup\retrofit2\adapter-rxjava\2.7.2\adapter-rxjava-2.7.2.jar;C:\Users\gap\.m2\repository\com\google\guava\guava\30.1.1-jre\guava-30.1.1-jre.jar;C:\Users\gap\.m2\repository\com\google\guava\failureaccess\1.0.1\failureaccess-1.0.1.jar;C:\Users\gap\.m2\repository\com\google\guava\listenablefuture\9999.0-empty-to-avoid-conflict-with-guava\listenablefuture-9999.0-empty-to-avoid-conflict-with-guava.jar;C:\Users\gap\.m2\repository\com\google\code\findbugs\jsr305\3.0.2\jsr305-3.0.2.jar;C:\Users\gap\.m2\repository\org\checkerframework\checker-qual\3.8.0\checker-qual-3.8.0.jar;C:\Users\gap\.m2\repository\com\google\errorprone\error_prone_annotations\2.5.1\error_prone_annotations-2.5.1.jar;C:\Users\gap\.m2\repository\com\google\j2objc\j2objc-annotations\1.3\j2objc-annotations-1.3.jar;C:\Users\gap\.m2\repository\org\apache\commons\commons-lang3\3.12.0\commons-lang3-3.12.0.jar;C:\Users\gap\.m2\repository\commons-codec\commons-codec\1.15\commons-codec-1.15.jar;C:\Users\gap\.m2\repository\com\azure\azure-identity\1.10.1\azure-identity-1.10.1.jar;C:\Users\gap\.m2\repository\com\azure\azure-core\1.43.0\azure-core-1.43.0.jar;C:\Users\gap\.m2\repository\io\projectreactor\reactor-core\3.4.32\reactor-core-3.4.32.jar;C:\Users\gap\.m2\repository\org\reactivestreams\reactive-streams\1.0.4\reactive-streams-1.0.4.jar;C:\Users\gap\.m2\repository\com\azure\azure-core-http-netty\1.13.7\azure-core-http-netty-1.13.7.jar;C:\Users\gap\.m2\repository\io\netty\netty-handler\4.1.97.Final\netty-handler-4.1.97.Final.jar;C:\Users\gap\.m2\repository\io\netty\netty-resolver\4.1.97.Final\netty-resolver-4.1.97.Final.jar;C:\Users\gap\.m2\repository\io\netty\netty-transport\4.1.97.Final\netty-transport-4.1.97.Final.jar;C:\Users\gap\.m2\repository\io\netty\netty-handler-proxy\4.1.97.Final\netty-handler-proxy-4.1.97.Final.jar;C:\Users\gap\.m2\repository\io\netty\netty-codec-socks\4.1.97.Final\netty-codec-socks-4.1.97.Final.jar;C:\Users\gap\.m2\repository\io\netty\netty-buffer\4.1.97.Final\netty-buffer-4.1.97.Final.jar;C:\Users\gap\.m2\repository\io\netty\netty-codec\4.1.97.Final\netty-codec-4.1.97.Final.jar;C:\Users\gap\.m2\repository\io\netty\netty-codec-http\4.1.97.Final\netty-codec-http-4.1.97.Final.jar;C:\Users\gap\.m2\repository\io\netty\netty-codec-http2\4.1.97.Final\netty-codec-http2-4.1.97.Final.jar;C:\Users\gap\.m2\repository\io\netty\netty-transport-native-unix-common\4.1.97.Final\netty-transport-native-unix-common-4.1.97.Final.jar;C:\Users\gap\.m2\repository\io\netty\netty-transport-native-epoll\4.1.97.Final\netty-transport-native-epoll-4.1.97.Final-linux-x86_64.jar;C:\Users\gap\.m2\repository\io\netty\netty-transport-classes-epoll\4.1.97.Final\netty-transport-classes-epoll-4.1.97.Final.jar;C:\Users\gap\.m2\repository\io\netty\netty-transport-native-kqueue\4.1.97.Final\netty-transport-native-kqueue-4.1.97.Final-osx-x86_64.jar;C:\Users\gap\.m2\repository\io\netty\netty-transport-classes-kqueue\4.1.97.Final\netty-transport-classes-kqueue-4.1.97.Final.jar;C:\Users\gap\.m2\repository\io\netty\netty-tcnative-boringssl-static\2.0.61.Final\netty-tcnative-boringssl-static-2.0.61.Final.jar;C:\Users\gap\.m2\repository\io\netty\netty-tcnative-classes\2.0.61.Final\netty-tcnative-classes-2.0.61.Final.jar;C:\Users\gap\.m2\repository\io\netty\netty-tcnative-boringssl-static\2.0.61.Final\netty-tcnative-boringssl-static-2.0.61.Final-linux-x86_64.jar;C:\Users\gap\.m2\repository\io\netty\netty-tcnative-boringssl-static\2.0.61.Final\netty-tcnative-boringssl-static-2.0.61.Final-linux-aarch_64.jar;C:\Users\gap\.m2\repository\io\netty\netty-tcnative-boringssl-static\2.0.61.Final\netty-tcnative-boringssl-static-2.0.61.Final-osx-x86_64.jar;C:\Users\gap\.m2\repository\io\netty\netty-tcnative-boringssl-static\2.0.61.Final\netty-tcnative-boringssl-static-2.0.61.Final-osx-aarch_64.jar;C:\Users\gap\.m2\repository\io\netty\netty-tcnative-boringssl-static\2.0.61.Final\netty-tcnative-boringssl-static-2.0.61.Final-windows-x86_64.jar;C:\Users\gap\.m2\repository\io\projectreactor\netty\reactor-netty-http\1.0.36\reactor-netty-http-1.0.36.jar;C:\Users\gap\.m2\repository\io\netty\netty-resolver-dns\4.1.97.Final\netty-resolver-dns-4.1.97.Final.jar;C:\Users\gap\.m2\repository\io\netty\netty-codec-dns\4.1.97.Final\netty-codec-dns-4.1.97.Final.jar;C:\Users\gap\.m2\repository\io\netty\netty-resolver-dns-native-macos\4.1.97.Final\netty-resolver-dns-native-macos-4.1.97.Final-osx-x86_64.jar;C:\Users\gap\.m2\repository\io\netty\netty-resolver-dns-classes-macos\4.1.97.Final\netty-resolver-dns-classes-macos-4.1.97.Final.jar;C:\Users\gap\.m2\repository\io\projectreactor\netty\reactor-netty-core\1.0.36\reactor-netty-core-1.0.36.jar;C:\Users\gap\.m2\repository\io\netty\netty-common\4.1.97.Final\netty-common-4.1.97.Final.jar;C:\Users\gap\.m2\repository\com\microsoft\azure\msal4j\1.13.9\msal4j-1.13.9.jar;C:\Users\gap\.m2\repository\com\nimbusds\oauth2-oidc-sdk\10.7.1\oauth2-oidc-sdk-10.7.1.jar;C:\Users\gap\.m2\repository\com\github\stephenc\jcip\jcip-annotations\1.0-1\jcip-annotations-1.0-1.jar;C:\Users\gap\.m2\repository\com\nimbusds\content-type\2.2\content-type-2.2.jar;C:\Users\gap\.m2\repository\com\nimbusds\lang-tag\1.7\lang-tag-1.7.jar;C:\Users\gap\.m2\repository\com\nimbusds\nimbus-jose-jwt\9.30.2\nimbus-jose-jwt-9.30.2.jar;C:\Users\gap\.m2\repository\com\microsoft\azure\msal4j-persistence-extension\1.2.0\msal4j-persistence-extension-1.2.0.jar;C:\Users\gap\.m2\repository\net\java\dev\jna\jna\5.13.0\jna-5.13.0.jar;C:\Users\gap\.m2\repository\net\java\dev\jna\jna-platform\5.6.0\jna-platform-5.6.0.jar;C:\Users\gap\.m2\repository\com\azure\azure-security-keyvault-secrets\4.8.4\azure-security-keyvault-secrets-4.8.4.jar;C:\Users\gap\.m2\repository\com\azure\azure-json\1.1.0\azure-json-1.1.0.jar;C:\Users\gap\.m2\repository\org\json\json\20240303\json-20240303.jar;C:\Users\gap\.m2\repository\com\sun\xml\ws\jaxws-rt\2.3.3\jaxws-rt-2.3.3.jar;C:\Users\gap\.m2\repository\com\sun\xml\ws\policy\2.7.10\policy-2.7.10.jar;C:\Users\gap\.m2\repository\com\sun\xml\bind\jaxb-impl\2.3.3\jaxb-impl-2.3.3.jar;C:\Users\gap\.m2\repository\org\glassfish\ha\ha-api\3.1.12\ha-api-3.1.12.jar;C:\Users\gap\.m2\repository\org\glassfish\external\management-api\3.2.2\management-api-3.2.2.jar;C:\Users\gap\.m2\repository\org\glassfish\gmbal\gmbal\4.0.1\gmbal-4.0.1.jar;C:\Users\gap\.m2\repository\org\glassfish\pfl\pfl-tf\4.1.0\pfl-tf-4.1.0.jar;C:\Users\gap\.m2\repository\org\glassfish\pfl\pfl-basic\4.1.0\pfl-basic-4.1.0.jar;C:\Users\gap\.m2\repository\com\sun\xml\stream\buffer\streambuffer\1.5.9\streambuffer-1.5.9.jar;C:\Users\gap\.m2\repository\org\jvnet\mimepull\mimepull\1.9.13\mimepull-1.9.13.jar;C:\Users\gap\.m2\repository\com\sun\xml\fastinfoset\FastInfoset\1.2.18\FastInfoset-1.2.18.jar;C:\Users\gap\.m2\repository\com\fasterxml\woodstox\woodstox-core\5.1.0\woodstox-core-5.1.0.jar;C:\Users\gap\.m2\repository\org\codehaus\woodstox\stax2-api\4.1\stax2-api-4.1.jar;C:\Users\gap\.m2\repository\com\sun\xml\ws\jaxws-tools\2.3.3\jaxws-tools-2.3.3.jar;C:\Users\gap\.m2\repository\com\sun\xml\bind\jaxb-xjc\2.3.3\jaxb-xjc-2.3.3.jar;C:\Users\gap\.m2\repository\com\sun\xml\bind\jaxb-jxc\2.3.3\jaxb-jxc-2.3.3.jar;C:\Users\gap\.m2\repository\com\sun\xml\ws\jaxws-eclipselink-plugin\2.3.3\jaxws-eclipselink-plugin-2.3.3.jar;C:\Users\gap\.m2\repository\jakarta\persistence\jakarta.persistence-api\2.2.3\jakarta.persistence-api-2.2.3.jar;C:\Users\gap\.m2\repository\org\eclipse\persistence\org.eclipse.persistence.moxy\2.7.6\org.eclipse.persistence.moxy-2.7.6.jar;C:\Users\gap\.m2\repository\org\eclipse\persistence\org.eclipse.persistence.core\2.7.6\org.eclipse.persistence.core-2.7.6.jar;C:\Users\gap\.m2\repository\org\eclipse\persistence\org.eclipse.persistence.asm\2.7.6\org.eclipse.persistence.asm-2.7.6.jar;C:\Users\gap\.m2\repository\com\sun\mail\jakarta.mail\1.6.7\jakarta.mail-1.6.7.jar;C:\Users\gap\.m2\repository\com\sun\xml\ws\sdo-eclipselink-plugin\2.3.3\sdo-eclipselink-plugin-2.3.3.jar;C:\Users\gap\.m2\repository\org\eclipse\persistence\org.eclipse.persistence.sdo\2.7.6\org.eclipse.persistence.sdo-2.7.6.jar;C:\Users\gap\.m2\repository\org\eclipse\persistence\commonj.sdo\2.1.1\commonj.sdo-2.1.1.jar;C:\Users\gap\.m2\repository\jakarta\xml\soap\jakarta.xml.soap-api\1.4.2\jakarta.xml.soap-api-1.4.2.jar;C:\Users\gap\.m2\repository\jakarta\jws\jakarta.jws-api\2.1.0\jakarta.jws-api-2.1.0.jar;C:\Users\gap\.m2\repository\jakarta\annotation\jakarta.annotation-api\1.3.5\jakarta.annotation-api-1.3.5.jar;"/>
    <property name="java.vm.vendor" value="Eclipse Adoptium"/>
    <property name="sun.arch.data.model" value="64"/>
    <property name="user.variant" value=""/>
    <property name="java.vendor.url" value="https://adoptium.net/"/>
    <property name="user.timezone" value="America/Mexico_City"/>
    <property name="os.name" value="Windows 11"/>
    <property name="java.vm.specification.version" value="17"/>
    <property name="sun.java.launcher" value="SUN_STANDARD"/>
    <property name="user.country" value="MX"/>
    <property name="sun.boot.library.path" value="C:\Users\gap\Documents\sts-4.15.1.RELEASE\plugins\org.eclipse.justj.openjdk.hotspot.jre.full.win32.x86_64_17.0.3.v20220515-1416\jre\bin"/>
    <property name="sun.java.command" value="C:\Users\gap\AppData\Local\Temp\surefire16185705167749514094\surefirebooter2680298518634488887.jar C:\Users\gap\AppData\Local\Temp\surefire16185705167749514094 2024-10-09T10-37-12_954-jvmRun1 surefire15140670633087911823tmp surefire_06354436075120813866tmp"/>
    <property name="jdk.debug" value="release"/>
    <property name="surefire.test.class.path" value="C:\Users\gap\Documents\workspace\GitGus\fac3b-client-invoice-java\target\test-classes;C:\Users\gap\Documents\workspace\GitGus\fac3b-client-invoice-java\target\classes;C:\Users\gap\.m2\repository\org\springframework\boot\spring-boot-starter-web\2.7.16\spring-boot-starter-web-2.7.16.jar;C:\Users\gap\.m2\repository\org\springframework\boot\spring-boot-starter\2.7.16\spring-boot-starter-2.7.16.jar;C:\Users\gap\.m2\repository\org\springframework\boot\spring-boot\2.7.16\spring-boot-2.7.16.jar;C:\Users\gap\.m2\repository\org\springframework\boot\spring-boot-autoconfigure\2.7.16\spring-boot-autoconfigure-2.7.16.jar;C:\Users\gap\.m2\repository\org\springframework\boot\spring-boot-starter-logging\2.7.16\spring-boot-starter-logging-2.7.16.jar;C:\Users\gap\.m2\repository\ch\qos\logback\logback-classic\1.2.12\logback-classic-1.2.12.jar;C:\Users\gap\.m2\repository\ch\qos\logback\logback-core\1.2.12\logback-core-1.2.12.jar;C:\Users\gap\.m2\repository\org\apache\logging\log4j\log4j-to-slf4j\2.17.2\log4j-to-slf4j-2.17.2.jar;C:\Users\gap\.m2\repository\org\apache\logging\log4j\log4j-api\2.17.2\log4j-api-2.17.2.jar;C:\Users\gap\.m2\repository\org\slf4j\jul-to-slf4j\1.7.36\jul-to-slf4j-1.7.36.jar;C:\Users\gap\.m2\repository\org\yaml\snakeyaml\1.30\snakeyaml-1.30.jar;C:\Users\gap\.m2\repository\org\springframework\boot\spring-boot-starter-json\2.7.16\spring-boot-starter-json-2.7.16.jar;C:\Users\gap\.m2\repository\com\fasterxml\jackson\core\jackson-databind\2.13.5\jackson-databind-2.13.5.jar;C:\Users\gap\.m2\repository\com\fasterxml\jackson\datatype\jackson-datatype-jdk8\2.13.5\jackson-datatype-jdk8-2.13.5.jar;C:\Users\gap\.m2\repository\com\fasterxml\jackson\datatype\jackson-datatype-jsr310\2.13.5\jackson-datatype-jsr310-2.13.5.jar;C:\Users\gap\.m2\repository\com\fasterxml\jackson\module\jackson-module-parameter-names\2.13.5\jackson-module-parameter-names-2.13.5.jar;C:\Users\gap\.m2\repository\org\springframework\boot\spring-boot-starter-tomcat\2.7.16\spring-boot-starter-tomcat-2.7.16.jar;C:\Users\gap\.m2\repository\org\apache\tomcat\embed\tomcat-embed-core\9.0.80\tomcat-embed-core-9.0.80.jar;C:\Users\gap\.m2\repository\org\apache\tomcat\embed\tomcat-embed-el\9.0.80\tomcat-embed-el-9.0.80.jar;C:\Users\gap\.m2\repository\org\apache\tomcat\embed\tomcat-embed-websocket\9.0.80\tomcat-embed-websocket-9.0.80.jar;C:\Users\gap\.m2\repository\org\springframework\spring-web\5.3.30\spring-web-5.3.30.jar;C:\Users\gap\.m2\repository\org\springframework\spring-beans\5.3.30\spring-beans-5.3.30.jar;C:\Users\gap\.m2\repository\org\springframework\spring-webmvc\5.3.30\spring-webmvc-5.3.30.jar;C:\Users\gap\.m2\repository\org\springframework\spring-aop\5.3.30\spring-aop-5.3.30.jar;C:\Users\gap\.m2\repository\org\springframework\spring-context\5.3.30\spring-context-5.3.30.jar;C:\Users\gap\.m2\repository\org\springframework\spring-expression\5.3.30\spring-expression-5.3.30.jar;C:\Users\gap\.m2\repository\org\springframework\boot\spring-boot-starter-web-services\2.7.16\spring-boot-starter-web-services-2.7.16.jar;C:\Users\gap\.m2\repository\com\sun\xml\messaging\saaj\saaj-impl\1.5.3\saaj-impl-1.5.3.jar;C:\Users\gap\.m2\repository\org\jvnet\staxex\stax-ex\1.8.3\stax-ex-1.8.3.jar;C:\Users\gap\.m2\repository\com\sun\activation\jakarta.activation\1.2.2\jakarta.activation-1.2.2.jar;C:\Users\gap\.m2\repository\jakarta\xml\ws\jakarta.xml.ws-api\2.3.3\jakarta.xml.ws-api-2.3.3.jar;C:\Users\gap\.m2\repository\org\springframework\spring-oxm\5.3.30\spring-oxm-5.3.30.jar;C:\Users\gap\.m2\repository\org\springframework\ws\spring-ws-core\3.1.7\spring-ws-core-3.1.7.jar;C:\Users\gap\.m2\repository\org\springframework\ws\spring-xml\3.1.7\spring-xml-3.1.7.jar;C:\Users\gap\.m2\repository\org\springframework\boot\spring-boot-starter-test\2.7.16\spring-boot-starter-test-2.7.16.jar;C:\Users\gap\.m2\repository\org\springframework\boot\spring-boot-test\2.7.16\spring-boot-test-2.7.16.jar;C:\Users\gap\.m2\repository\org\springframework\boot\spring-boot-test-autoconfigure\2.7.16\spring-boot-test-autoconfigure-2.7.16.jar;C:\Users\gap\.m2\repository\com\jayway\jsonpath\json-path\2.7.0\json-path-2.7.0.jar;C:\Users\gap\.m2\repository\net\minidev\json-smart\2.4.11\json-smart-2.4.11.jar;C:\Users\gap\.m2\repository\net\minidev\accessors-smart\2.4.11\accessors-smart-2.4.11.jar;C:\Users\gap\.m2\repository\org\ow2\asm\asm\9.3\asm-9.3.jar;C:\Users\gap\.m2\repository\org\slf4j\slf4j-api\1.7.36\slf4j-api-1.7.36.jar;C:\Users\gap\.m2\repository\jakarta\xml\bind\jakarta.xml.bind-api\2.3.3\jakarta.xml.bind-api-2.3.3.jar;C:\Users\gap\.m2\repository\jakarta\activation\jakarta.activation-api\1.2.2\jakarta.activation-api-1.2.2.jar;C:\Users\gap\.m2\repository\org\assertj\assertj-core\3.22.0\assertj-core-3.22.0.jar;C:\Users\gap\.m2\repository\org\hamcrest\hamcrest\2.2\hamcrest-2.2.jar;C:\Users\gap\.m2\repository\org\junit\jupiter\junit-jupiter\5.8.2\junit-jupiter-5.8.2.jar;C:\Users\gap\.m2\repository\org\junit\jupiter\junit-jupiter-api\5.8.2\junit-jupiter-api-5.8.2.jar;C:\Users\gap\.m2\repository\org\opentest4j\opentest4j\1.2.0\opentest4j-1.2.0.jar;C:\Users\gap\.m2\repository\org\junit\platform\junit-platform-commons\1.8.2\junit-platform-commons-1.8.2.jar;C:\Users\gap\.m2\repository\org\apiguardian\apiguardian-api\1.1.2\apiguardian-api-1.1.2.jar;C:\Users\gap\.m2\repository\org\junit\jupiter\junit-jupiter-params\5.8.2\junit-jupiter-params-5.8.2.jar;C:\Users\gap\.m2\repository\org\junit\jupiter\junit-jupiter-engine\5.8.2\junit-jupiter-engine-5.8.2.jar;C:\Users\gap\.m2\repository\org\junit\platform\junit-platform-engine\1.8.2\junit-platform-engine-1.8.2.jar;C:\Users\gap\.m2\repository\org\mockito\mockito-core\4.5.1\mockito-core-4.5.1.jar;C:\Users\gap\.m2\repository\net\bytebuddy\byte-buddy\1.12.23\byte-buddy-1.12.23.jar;C:\Users\gap\.m2\repository\net\bytebuddy\byte-buddy-agent\1.12.23\byte-buddy-agent-1.12.23.jar;C:\Users\gap\.m2\repository\org\objenesis\objenesis\3.2\objenesis-3.2.jar;C:\Users\gap\.m2\repository\org\mockito\mockito-junit-jupiter\4.5.1\mockito-junit-jupiter-4.5.1.jar;C:\Users\gap\.m2\repository\org\skyscreamer\jsonassert\1.5.1\jsonassert-1.5.1.jar;C:\Users\gap\.m2\repository\com\vaadin\external\google\android-json\0.0.20131108.vaadin1\android-json-0.0.20131108.vaadin1.jar;C:\Users\gap\.m2\repository\org\springframework\spring-core\5.3.30\spring-core-5.3.30.jar;C:\Users\gap\.m2\repository\org\springframework\spring-jcl\5.3.30\spring-jcl-5.3.30.jar;C:\Users\gap\.m2\repository\org\springframework\spring-test\5.3.30\spring-test-5.3.30.jar;C:\Users\gap\.m2\repository\org\xmlunit\xmlunit-core\2.9.1\xmlunit-core-2.9.1.jar;C:\Users\gap\.m2\repository\org\apache\pdfbox\pdfbox\1.7.1\pdfbox-1.7.1.jar;C:\Users\gap\.m2\repository\org\apache\pdfbox\fontbox\1.7.1\fontbox-1.7.1.jar;C:\Users\gap\.m2\repository\org\apache\pdfbox\jempbox\1.7.1\jempbox-1.7.1.jar;C:\Users\gap\.m2\repository\commons-logging\commons-logging\1.1.1\commons-logging-1.1.1.jar;C:\Users\gap\.m2\repository\com\sun\mail\javax.mail\1.6.2\javax.mail-1.6.2.jar;C:\Users\gap\.m2\repository\javax\activation\activation\1.1\activation-1.1.jar;C:\Users\gap\.m2\repository\com\microsoft\azure\azure-keyvault-extensions\1.2.6\azure-keyvault-extensions-1.2.6.jar;C:\Users\gap\.m2\repository\com\microsoft\azure\azure-keyvault-webkey\1.2.6\azure-keyvault-webkey-1.2.6.jar;C:\Users\gap\.m2\repository\com\fasterxml\jackson\core\jackson-core\2.13.5\jackson-core-2.13.5.jar;C:\Users\gap\.m2\repository\com\fasterxml\jackson\core\jackson-annotations\2.13.5\jackson-annotations-2.13.5.jar;C:\Users\gap\.m2\repository\com\microsoft\azure\azure-keyvault-core\1.2.6\azure-keyvault-core-1.2.6.jar;C:\Users\gap\.m2\repository\com\microsoft\azure\azure-keyvault-cryptography\1.2.6\azure-keyvault-cryptography-1.2.6.jar;C:\Users\gap\.m2\repository\com\microsoft\azure\azure-keyvault\1.2.6\azure-keyvault-1.2.6.jar;C:\Users\gap\.m2\repository\com\microsoft\azure\azure-client-runtime\1.7.14\azure-client-runtime-1.7.14.jar;C:\Users\gap\.m2\repository\com\microsoft\azure\azure-mgmt-resources\1.3.0\azure-mgmt-resources-1.3.0.jar;C:\Users\gap\.m2\repository\org\slf4j\slf4j-simple\1.7.36\slf4j-simple-1.7.36.jar;C:\Users\gap\.m2\repository\io\reactivex\rxjava\1.3.8\rxjava-1.3.8.jar;C:\Users\gap\.m2\repository\com\microsoft\azure\azure-annotations\1.3.0\azure-annotations-1.3.0.jar;C:\Users\gap\.m2\repository\org\apache\httpcomponents\httpcore\4.4.16\httpcore-4.4.16.jar;C:\Users\gap\.m2\repository\com\microsoft\rest\client-runtime\1.7.4\client-runtime-1.7.4.jar;C:\Users\gap\.m2\repository\com\squareup\retrofit2\retrofit\2.7.2\retrofit-2.7.2.jar;C:\Users\gap\.m2\repository\com\squareup\okhttp3\okhttp\4.9.3\okhttp-4.9.3.jar;C:\Users\gap\.m2\repository\com\squareup\okio\okio\2.8.0\okio-2.8.0.jar;C:\Users\gap\.m2\repository\org\jetbrains\kotlin\kotlin-stdlib-common\1.6.21\kotlin-stdlib-common-1.6.21.jar;C:\Users\gap\.m2\repository\org\jetbrains\kotlin\kotlin-stdlib\1.6.21\kotlin-stdlib-1.6.21.jar;C:\Users\gap\.m2\repository\org\jetbrains\annotations\13.0\annotations-13.0.jar;C:\Users\gap\.m2\repository\com\squareup\okhttp3\logging-interceptor\4.9.3\logging-interceptor-4.9.3.jar;C:\Users\gap\.m2\repository\org\jetbrains\kotlin\kotlin-stdlib-jdk8\1.6.21\kotlin-stdlib-jdk8-1.6.21.jar;C:\Users\gap\.m2\repository\org\jetbrains\kotlin\kotlin-stdlib-jdk7\1.6.21\kotlin-stdlib-jdk7-1.6.21.jar;C:\Users\gap\.m2\repository\com\squareup\okhttp3\okhttp-urlconnection\4.9.3\okhttp-urlconnection-4.9.3.jar;C:\Users\gap\.m2\repository\com\squareup\retrofit2\converter-jackson\2.7.2\converter-jackson-2.7.2.jar;C:\Users\gap\.m2\repository\com\fasterxml\jackson\datatype\jackson-datatype-joda\2.13.5\jackson-datatype-joda-2.13.5.jar;C:\Users\gap\.m2\repository\joda-time\joda-time\2.10.8\joda-time-2.10.8.jar;C:\Users\gap\.m2\repository\com\squareup\retrofit2\adapter-rxjava\2.7.2\adapter-rxjava-2.7.2.jar;C:\Users\gap\.m2\repository\com\google\guava\guava\30.1.1-jre\guava-30.1.1-jre.jar;C:\Users\gap\.m2\repository\com\google\guava\failureaccess\1.0.1\failureaccess-1.0.1.jar;C:\Users\gap\.m2\repository\com\google\guava\listenablefuture\9999.0-empty-to-avoid-conflict-with-guava\listenablefuture-9999.0-empty-to-avoid-conflict-with-guava.jar;C:\Users\gap\.m2\repository\com\google\code\findbugs\jsr305\3.0.2\jsr305-3.0.2.jar;C:\Users\gap\.m2\repository\org\checkerframework\checker-qual\3.8.0\checker-qual-3.8.0.jar;C:\Users\gap\.m2\repository\com\google\errorprone\error_prone_annotations\2.5.1\error_prone_annotations-2.5.1.jar;C:\Users\gap\.m2\repository\com\google\j2objc\j2objc-annotations\1.3\j2objc-annotations-1.3.jar;C:\Users\gap\.m2\repository\org\apache\commons\commons-lang3\3.12.0\commons-lang3-3.12.0.jar;C:\Users\gap\.m2\repository\commons-codec\commons-codec\1.15\commons-codec-1.15.jar;C:\Users\gap\.m2\repository\com\azure\azure-identity\1.10.1\azure-identity-1.10.1.jar;C:\Users\gap\.m2\repository\com\azure\azure-core\1.43.0\azure-core-1.43.0.jar;C:\Users\gap\.m2\repository\io\projectreactor\reactor-core\3.4.32\reactor-core-3.4.32.jar;C:\Users\gap\.m2\repository\org\reactivestreams\reactive-streams\1.0.4\reactive-streams-1.0.4.jar;C:\Users\gap\.m2\repository\com\azure\azure-core-http-netty\1.13.7\azure-core-http-netty-1.13.7.jar;C:\Users\gap\.m2\repository\io\netty\netty-handler\4.1.97.Final\netty-handler-4.1.97.Final.jar;C:\Users\gap\.m2\repository\io\netty\netty-resolver\4.1.97.Final\netty-resolver-4.1.97.Final.jar;C:\Users\gap\.m2\repository\io\netty\netty-transport\4.1.97.Final\netty-transport-4.1.97.Final.jar;C:\Users\gap\.m2\repository\io\netty\netty-handler-proxy\4.1.97.Final\netty-handler-proxy-4.1.97.Final.jar;C:\Users\gap\.m2\repository\io\netty\netty-codec-socks\4.1.97.Final\netty-codec-socks-4.1.97.Final.jar;C:\Users\gap\.m2\repository\io\netty\netty-buffer\4.1.97.Final\netty-buffer-4.1.97.Final.jar;C:\Users\gap\.m2\repository\io\netty\netty-codec\4.1.97.Final\netty-codec-4.1.97.Final.jar;C:\Users\gap\.m2\repository\io\netty\netty-codec-http\4.1.97.Final\netty-codec-http-4.1.97.Final.jar;C:\Users\gap\.m2\repository\io\netty\netty-codec-http2\4.1.97.Final\netty-codec-http2-4.1.97.Final.jar;C:\Users\gap\.m2\repository\io\netty\netty-transport-native-unix-common\4.1.97.Final\netty-transport-native-unix-common-4.1.97.Final.jar;C:\Users\gap\.m2\repository\io\netty\netty-transport-native-epoll\4.1.97.Final\netty-transport-native-epoll-4.1.97.Final-linux-x86_64.jar;C:\Users\gap\.m2\repository\io\netty\netty-transport-classes-epoll\4.1.97.Final\netty-transport-classes-epoll-4.1.97.Final.jar;C:\Users\gap\.m2\repository\io\netty\netty-transport-native-kqueue\4.1.97.Final\netty-transport-native-kqueue-4.1.97.Final-osx-x86_64.jar;C:\Users\gap\.m2\repository\io\netty\netty-transport-classes-kqueue\4.1.97.Final\netty-transport-classes-kqueue-4.1.97.Final.jar;C:\Users\gap\.m2\repository\io\netty\netty-tcnative-boringssl-static\2.0.61.Final\netty-tcnative-boringssl-static-2.0.61.Final.jar;C:\Users\gap\.m2\repository\io\netty\netty-tcnative-classes\2.0.61.Final\netty-tcnative-classes-2.0.61.Final.jar;C:\Users\gap\.m2\repository\io\netty\netty-tcnative-boringssl-static\2.0.61.Final\netty-tcnative-boringssl-static-2.0.61.Final-linux-x86_64.jar;C:\Users\gap\.m2\repository\io\netty\netty-tcnative-boringssl-static\2.0.61.Final\netty-tcnative-boringssl-static-2.0.61.Final-linux-aarch_64.jar;C:\Users\gap\.m2\repository\io\netty\netty-tcnative-boringssl-static\2.0.61.Final\netty-tcnative-boringssl-static-2.0.61.Final-osx-x86_64.jar;C:\Users\gap\.m2\repository\io\netty\netty-tcnative-boringssl-static\2.0.61.Final\netty-tcnative-boringssl-static-2.0.61.Final-osx-aarch_64.jar;C:\Users\gap\.m2\repository\io\netty\netty-tcnative-boringssl-static\2.0.61.Final\netty-tcnative-boringssl-static-2.0.61.Final-windows-x86_64.jar;C:\Users\gap\.m2\repository\io\projectreactor\netty\reactor-netty-http\1.0.36\reactor-netty-http-1.0.36.jar;C:\Users\gap\.m2\repository\io\netty\netty-resolver-dns\4.1.97.Final\netty-resolver-dns-4.1.97.Final.jar;C:\Users\gap\.m2\repository\io\netty\netty-codec-dns\4.1.97.Final\netty-codec-dns-4.1.97.Final.jar;C:\Users\gap\.m2\repository\io\netty\netty-resolver-dns-native-macos\4.1.97.Final\netty-resolver-dns-native-macos-4.1.97.Final-osx-x86_64.jar;C:\Users\gap\.m2\repository\io\netty\netty-resolver-dns-classes-macos\4.1.97.Final\netty-resolver-dns-classes-macos-4.1.97.Final.jar;C:\Users\gap\.m2\repository\io\projectreactor\netty\reactor-netty-core\1.0.36\reactor-netty-core-1.0.36.jar;C:\Users\gap\.m2\repository\io\netty\netty-common\4.1.97.Final\netty-common-4.1.97.Final.jar;C:\Users\gap\.m2\repository\com\microsoft\azure\msal4j\1.13.9\msal4j-1.13.9.jar;C:\Users\gap\.m2\repository\com\nimbusds\oauth2-oidc-sdk\10.7.1\oauth2-oidc-sdk-10.7.1.jar;C:\Users\gap\.m2\repository\com\github\stephenc\jcip\jcip-annotations\1.0-1\jcip-annotations-1.0-1.jar;C:\Users\gap\.m2\repository\com\nimbusds\content-type\2.2\content-type-2.2.jar;C:\Users\gap\.m2\repository\com\nimbusds\lang-tag\1.7\lang-tag-1.7.jar;C:\Users\gap\.m2\repository\com\nimbusds\nimbus-jose-jwt\9.30.2\nimbus-jose-jwt-9.30.2.jar;C:\Users\gap\.m2\repository\com\microsoft\azure\msal4j-persistence-extension\1.2.0\msal4j-persistence-extension-1.2.0.jar;C:\Users\gap\.m2\repository\net\java\dev\jna\jna\5.13.0\jna-5.13.0.jar;C:\Users\gap\.m2\repository\net\java\dev\jna\jna-platform\5.6.0\jna-platform-5.6.0.jar;C:\Users\gap\.m2\repository\com\azure\azure-security-keyvault-secrets\4.8.4\azure-security-keyvault-secrets-4.8.4.jar;C:\Users\gap\.m2\repository\com\azure\azure-json\1.1.0\azure-json-1.1.0.jar;C:\Users\gap\.m2\repository\org\json\json\20240303\json-20240303.jar;C:\Users\gap\.m2\repository\com\sun\xml\ws\jaxws-rt\2.3.3\jaxws-rt-2.3.3.jar;C:\Users\gap\.m2\repository\com\sun\xml\ws\policy\2.7.10\policy-2.7.10.jar;C:\Users\gap\.m2\repository\com\sun\xml\bind\jaxb-impl\2.3.3\jaxb-impl-2.3.3.jar;C:\Users\gap\.m2\repository\org\glassfish\ha\ha-api\3.1.12\ha-api-3.1.12.jar;C:\Users\gap\.m2\repository\org\glassfish\external\management-api\3.2.2\management-api-3.2.2.jar;C:\Users\gap\.m2\repository\org\glassfish\gmbal\gmbal\4.0.1\gmbal-4.0.1.jar;C:\Users\gap\.m2\repository\org\glassfish\pfl\pfl-tf\4.1.0\pfl-tf-4.1.0.jar;C:\Users\gap\.m2\repository\org\glassfish\pfl\pfl-basic\4.1.0\pfl-basic-4.1.0.jar;C:\Users\gap\.m2\repository\com\sun\xml\stream\buffer\streambuffer\1.5.9\streambuffer-1.5.9.jar;C:\Users\gap\.m2\repository\org\jvnet\mimepull\mimepull\1.9.13\mimepull-1.9.13.jar;C:\Users\gap\.m2\repository\com\sun\xml\fastinfoset\FastInfoset\1.2.18\FastInfoset-1.2.18.jar;C:\Users\gap\.m2\repository\com\fasterxml\woodstox\woodstox-core\5.1.0\woodstox-core-5.1.0.jar;C:\Users\gap\.m2\repository\org\codehaus\woodstox\stax2-api\4.1\stax2-api-4.1.jar;C:\Users\gap\.m2\repository\com\sun\xml\ws\jaxws-tools\2.3.3\jaxws-tools-2.3.3.jar;C:\Users\gap\.m2\repository\com\sun\xml\bind\jaxb-xjc\2.3.3\jaxb-xjc-2.3.3.jar;C:\Users\gap\.m2\repository\com\sun\xml\bind\jaxb-jxc\2.3.3\jaxb-jxc-2.3.3.jar;C:\Users\gap\.m2\repository\com\sun\xml\ws\jaxws-eclipselink-plugin\2.3.3\jaxws-eclipselink-plugin-2.3.3.jar;C:\Users\gap\.m2\repository\jakarta\persistence\jakarta.persistence-api\2.2.3\jakarta.persistence-api-2.2.3.jar;C:\Users\gap\.m2\repository\org\eclipse\persistence\org.eclipse.persistence.moxy\2.7.6\org.eclipse.persistence.moxy-2.7.6.jar;C:\Users\gap\.m2\repository\org\eclipse\persistence\org.eclipse.persistence.core\2.7.6\org.eclipse.persistence.core-2.7.6.jar;C:\Users\gap\.m2\repository\org\eclipse\persistence\org.eclipse.persistence.asm\2.7.6\org.eclipse.persistence.asm-2.7.6.jar;C:\Users\gap\.m2\repository\com\sun\mail\jakarta.mail\1.6.7\jakarta.mail-1.6.7.jar;C:\Users\gap\.m2\repository\com\sun\xml\ws\sdo-eclipselink-plugin\2.3.3\sdo-eclipselink-plugin-2.3.3.jar;C:\Users\gap\.m2\repository\org\eclipse\persistence\org.eclipse.persistence.sdo\2.7.6\org.eclipse.persistence.sdo-2.7.6.jar;C:\Users\gap\.m2\repository\org\eclipse\persistence\commonj.sdo\2.1.1\commonj.sdo-2.1.1.jar;C:\Users\gap\.m2\repository\jakarta\xml\soap\jakarta.xml.soap-api\1.4.2\jakarta.xml.soap-api-1.4.2.jar;C:\Users\gap\.m2\repository\jakarta\jws\jakarta.jws-api\2.1.0\jakarta.jws-api-2.1.0.jar;C:\Users\gap\.m2\repository\jakarta\annotation\jakarta.annotation-api\1.3.5\jakarta.annotation-api-1.3.5.jar;"/>
    <property name="sun.cpu.endian" value="little"/>
    <property name="user.home" value="C:\Users\gap"/>
    <property name="user.language" value="es"/>
    <property name="java.specification.vendor" value="Oracle Corporation"/>
    <property name="java.version.date" value="2022-04-19"/>
    <property name="java.home" value="C:\Users\gap\Documents\sts-4.15.1.RELEASE\plugins\org.eclipse.justj.openjdk.hotspot.jre.full.win32.x86_64_17.0.3.v20220515-1416\jre"/>
    <property name="file.separator" value="\"/>
    <property name="style.color" value="always"/>
    <property name="basedir" value="C:\Users\gap\Documents\workspace\GitGus\fac3b-client-invoice-java"/>
    <property name="java.vm.compressedOopsMode" value="Zero based"/>
    <property name="line.separator" value="&#10;"/>
    <property name="java.vm.specification.vendor" value="Oracle Corporation"/>
    <property name="java.specification.name" value="Java Platform API Specification"/>
    <property name="surefire.real.class.path" value="C:\Users\gap\AppData\Local\Temp\surefire16185705167749514094\surefirebooter2680298518634488887.jar"/>
    <property name="user.script" value=""/>
    <property name="sun.management.compiler" value="HotSpot 64-Bit Tiered Compilers"/>
    <property name="java.runtime.version" value="17.0.3+7"/>
    <property name="user.name" value="gap"/>
    <property name="path.separator" value=";"/>
    <property name="os.version" value="10.0"/>
    <property name="java.runtime.name" value="OpenJDK Runtime Environment"/>
    <property name="file.encoding" value="Cp1252"/>
    <property name="java.vm.name" value="OpenJDK 64-Bit Server VM"/>
    <property name="java.vendor.version" value="Temurin-17.0.3+7"/>
    <property name="localRepository" value="C:\Users\gap\.m2\repository"/>
    <property name="java.vendor.url.bug" value="https://github.com/adoptium/adoptium-support/issues"/>
    <property name="java.io.tmpdir" value="C:\Users\gap\AppData\Local\Temp\"/>
    <property name="java.version" value="17.0.3"/>
    <property name="user.dir" value="C:\Users\gap\Documents\workspace\GitGus\fac3b-client-invoice-java"/>
    <property name="os.arch" value="amd64"/>
    <property name="java.vm.specification.name" value="Java Virtual Machine Specification"/>
    <property name="sun.os.patch.level" value=""/>
    <property name="native.encoding" value="Cp1252"/>
    <property name="java.library.path" value="C:\Users\gap\Documents\sts-4.15.1.RELEASE\plugins\org.eclipse.justj.openjdk.hotspot.jre.full.win32.x86_64_17.0.3.v20220515-1416\jre\bin;C:\Windows\Sun\Java\bin;C:\Windows\system32;C:\Windows;C:/Users/gap/Documents/sts-4.15.1.RELEASE//plugins/org.eclipse.justj.openjdk.hotspot.jre.full.win32.x86_64_17.0.3.v20220515-1416/jre/bin/server;C:/Users/gap/Documents/sts-4.15.1.RELEASE//plugins/org.eclipse.justj.openjdk.hotspot.jre.full.win32.x86_64_17.0.3.v20220515-1416/jre/bin;C:\Program Files\Common Files\Oracle\Java\javapath;C:\Windows\system32;C:\Windows;C:\Windows\System32\Wbem;C:\Windows\System32\WindowsPowerShell\v1.0\;C:\Windows\System32\OpenSSH\;C:\Program Files\NVIDIA Corporation\NVIDIA NvDLISR;C:\Program Files\Microsoft SQL Server\150\Tools\Binn\;C:\Program Files\Microsoft SQL Server\Client SDK\ODBC\170\Tools\Binn\;C:\Program Files\dotnet\;C:\Program Files (x86)\Windows Kits\10\Windows Performance Toolkit\;C:\Program Files (x86)\Microsoft SQL Server\160\DTS\Binn\;C:\Program Files\nodejs\;C:\Program Files\Docker\Docker\resources\bin;C:\Users\gap\AppData\Local\Programs\Python\Launcher\;C:\Users\gap\AppData\Local\Microsoft\WindowsApps;C:\Users\gap\AppData\Local\Programs\Git\cmd;C:\Users\gap\AppData\Local\Programs\Microsoft VS Code\bin;C:\Users\gap\AppData\Roaming\npm;C:\Users\gap\AppData\Local\GitHubDesktop\bin;C:\Users\gap\Documents\sts-4.15.1.RELEASE;;."/>
    <property name="java.vm.info" value="mixed mode"/>
    <property name="java.vendor" value="Eclipse Adoptium"/>
    <property name="java.vm.version" value="17.0.3+7"/>
    <property name="sun.io.unicode.encoding" value="UnicodeLittle"/>
    <property name="java.class.version" value="61.0"/>
  </properties>
  <testcase name="contextLoads" classname="appfactura.AppfacturaApplicationTests" time="0.286"/>
</testsuite>